<?xml version="1.0" encoding="UTF-8"?>
<testng-results ignored="0" total="6" passed="6" failed="0" skipped="0">
  <reporter-output>
  </reporter-output>
  <suite started-at="2024-05-13T11:03:36 IST" name="Suite" finished-at="2024-05-13T11:03:36 IST" duration-ms="100">
    <groups>
    </groups>
    <test started-at="2024-05-13T11:03:36 IST" name="Test" finished-at="2024-05-13T11:03:36 IST" duration-ms="100">
      <class name="OrgTest.CreateOrgTest">
        <test-method signature="createOrgTest()[pri:0, instance:OrgTest.CreateOrgTest@21de60b4]" started-at="2024-05-13T11:03:36 IST" name="createOrgTest" finished-at="2024-05-13T11:03:36 IST" duration-ms="9" status="PASS">
          <reporter-output>
          </reporter-output>
        </test-method> <!-- createOrgTest -->
        <test-method signature="createOrgWithIndTest()[pri:0, instance:OrgTest.CreateOrgTest@21de60b4]" started-at="2024-05-13T11:03:36 IST" name="createOrgWithIndTest" finished-at="2024-05-13T11:03:36 IST" duration-ms="1" status="PASS">
          <reporter-output>
          </reporter-output>
        </test-method> <!-- createOrgWithIndTest -->
        <test-method signature="createOrgWithPhoneTest()[pri:0, instance:OrgTest.CreateOrgTest@21de60b4]" started-at="2024-05-13T11:03:36 IST" name="createOrgWithPhoneTest" finished-at="2024-05-13T11:03:36 IST" duration-ms="1" status="PASS">
          <reporter-output>
          </reporter-output>
        </test-method> <!-- createOrgWithPhoneTest -->
      </class> <!-- OrgTest.CreateOrgTest -->
      <class name="ContactTest.CreateContactTest">
        <test-method signature="createContactTest()[pri:0, instance:ContactTest.CreateContactTest@636be97c]" started-at="2024-05-13T11:03:36 IST" name="createContactTest" finished-at="2024-05-13T11:03:36 IST" duration-ms="1" status="PASS">
          <reporter-output>
          </reporter-output>
        </test-method> <!-- createContactTest -->
        <test-method signature="createContactWithDateTest()[pri:0, instance:ContactTest.CreateContactTest@636be97c]" started-at="2024-05-13T11:03:36 IST" name="createContactWithDateTest" finished-at="2024-05-13T11:03:36 IST" duration-ms="1" status="PASS">
          <reporter-output>
          </reporter-output>
        </test-method> <!-- createContactWithDateTest -->
        <test-method signature="createContactWithOrgTest()[pri:0, instance:ContactTest.CreateContactTest@636be97c]" started-at="2024-05-13T11:03:36 IST" name="createContactWithOrgTest" finished-at="2024-05-13T11:03:36 IST" duration-ms="1" status="PASS">
          <reporter-output>
          </reporter-output>
        </test-method> <!-- createContactWithOrgTest -->
      </class> <!-- ContactTest.CreateContactTest -->
    </test> <!-- Test -->
  </suite> <!-- Suite -->
</testng-results>
