<?xml version="1.0" encoding="UTF-8"?>
<!-- Generated by org.testng.reporters.JUnitXMLReporter -->
<testsuite ignored="0" hostname="LAPTOP-J4J745OD" failures="0" tests="6" name="Test" time="0.1" errors="0" timestamp="2024-05-13T11:03:36 IST">
  <testcase classname="OrgTest.CreateOrgTest" name="createOrgTest" time="0.009"/>
  <testcase classname="OrgTest.CreateOrgTest" name="createOrgWithIndTest" time="0.001"/>
  <testcase classname="OrgTest.CreateOrgTest" name="createOrgWithPhoneTest" time="0.001"/>
  <testcase classname="ContactTest.CreateContactTest" name="createContactTest" time="0.001"/>
  <testcase classname="ContactTest.CreateContactTest" name="createContactWithDateTest" time="0.001"/>
  <testcase classname="ContactTest.CreateContactTest" name="createContactWithOrgTest" time="0.001"/>
</testsuite> <!-- Test -->
